build/app/intermediates/manifest_merge_blame_file/debug/manifest-merger-blame-debug-report.txt
1<?xml version="1.0" encoding="utf-8"?>
2<manifest xmlns:android="http://schemas.android.com/apk/res/android"
3    package="com.mycompany.appmotorapreescolares"
4    android:versionCode="1"
5    android:versionName="1.0.0" >
6
7    <uses-sdk
8        android:minSdkVersion="21"
9        android:targetSdkVersion="34" />
10    <!--
11         Flutter needs it to communicate with the running application
12         to allow setting breakpoints, to provide hot reload, etc.
13    -->
14    <uses-permission android:name="android.permission.INTERNET" />
14-->src\main\AndroidManifest.xml:4:5-66
14-->src\main\AndroidManifest.xml:4:22-64
15    <uses-permission android:name="android.permission.ACCESS_NETWORK_STATE" />
15-->[com.google.firebase:firebase-auth:22.3.1] AndroidManifest.xml:26:5-79
15-->[com.google.firebase:firebase-auth:22.3.1] AndroidManifest.xml:26:22-76
16    <uses-permission android:name="com.google.android.providers.gsf.permission.READ_GSERVICES" />
16-->[com.google.android.recaptcha:recaptcha:18.4.0] AndroidManifest.xml:9:5-98
16-->[com.google.android.recaptcha:recaptcha:18.4.0] AndroidManifest.xml:9:22-95
17
18    <permission
18-->[androidx.core:core:1.10.1] AndroidManifest.xml:22:5-24:47
19        android:name="com.mycompany.appmotorapreescolares.DYNAMIC_RECEIVER_NOT_EXPORTED_PERMISSION"
19-->[androidx.core:core:1.10.1] AndroidManifest.xml:23:9-81
20        android:protectionLevel="signature" />
20-->[androidx.core:core:1.10.1] AndroidManifest.xml:24:9-44
21
22    <uses-permission android:name="com.mycompany.appmotorapreescolares.DYNAMIC_RECEIVER_NOT_EXPORTED_PERMISSION" />
22-->[androidx.core:core:1.10.1] AndroidManifest.xml:26:5-97
22-->[androidx.core:core:1.10.1] AndroidManifest.xml:26:22-94
23
24    <application
24-->src\main\AndroidManifest.xml:7:5-61:19
25        android:appComponentFactory="androidx.core.app.CoreComponentFactory"
25-->[androidx.core:core:1.10.1] AndroidManifest.xml:28:18-86
26        android:debuggable="true"
27        android:icon="@mipmap/ic_launcher"
27-->src\main\AndroidManifest.xml:10:9-43
28        android:label="App-motora-preescolares"
28-->src\main\AndroidManifest.xml:8:9-48
29        android:requestLegacyExternalStorage="true" >
29-->src\main\AndroidManifest.xml:11:9-52
30        <activity
30-->src\main\AndroidManifest.xml:13:9-51:20
31            android:name="com.mycompany.appmotorapreescolares.MainActivity"
31-->src\main\AndroidManifest.xml:14:13-41
32            android:configChanges="orientation|keyboardHidden|keyboard|screenSize|smallestScreenSize|locale|layoutDirection|fontScale|screenLayout|density|uiMode"
32-->src\main\AndroidManifest.xml:18:13-163
33            android:exported="true"
33-->src\main\AndroidManifest.xml:15:13-36
34            android:hardwareAccelerated="true"
34-->src\main\AndroidManifest.xml:19:13-47
35            android:launchMode="singleTop"
35-->src\main\AndroidManifest.xml:16:13-43
36            android:theme="@style/LaunchTheme"
36-->src\main\AndroidManifest.xml:17:13-47
37            android:windowSoftInputMode="adjustResize" >
37-->src\main\AndroidManifest.xml:20:13-55
38
39            <!--
40                 Specifies an Android theme to apply to this Activity as soon as
41                 the Android process has started. This theme is visible to the user
42                 while the Flutter UI initializes. After that, this theme continues
43                 to determine the Window background behind the Flutter UI.
44            -->
45            <meta-data
45-->src\main\AndroidManifest.xml:25:13-28:17
46                android:name="io.flutter.embedding.android.NormalTheme"
46-->src\main\AndroidManifest.xml:26:15-70
47                android:resource="@style/NormalTheme" />
47-->src\main\AndroidManifest.xml:27:15-52
48            <!--
49                 Displays an Android View that continues showing the launch screen
50                 Drawable until Flutter paints its first frame, then this splash
51                 screen fades out. A splash screen is useful to avoid any visual
52                 gap between the end of Android's launch screen and the painting of
53                 Flutter's first frame.
54            -->
55            <meta-data
55-->src\main\AndroidManifest.xml:34:13-37:17
56                android:name="io.flutter.embedding.android.SplashScreenDrawable"
56-->src\main\AndroidManifest.xml:35:15-79
57                android:resource="@drawable/launch_background" />
57-->src\main\AndroidManifest.xml:36:15-61
58
59            <intent-filter>
59-->src\main\AndroidManifest.xml:38:13-41:29
60                <action android:name="android.intent.action.MAIN" />
60-->src\main\AndroidManifest.xml:39:17-68
60-->src\main\AndroidManifest.xml:39:25-66
61
62                <category android:name="android.intent.category.LAUNCHER" />
62-->src\main\AndroidManifest.xml:40:17-76
62-->src\main\AndroidManifest.xml:40:27-74
63            </intent-filter>
64            <!-- Deep linking -->
65            <meta-data
65-->src\main\AndroidManifest.xml:43:13-90
66                android:name="flutter_deeplinking_enabled"
66-->src\main\AndroidManifest.xml:43:24-66
67                android:value="true" />
67-->src\main\AndroidManifest.xml:43:67-87
68
69            <intent-filter android:autoVerify="true" >
69-->src\main\AndroidManifest.xml:44:13-49:29
69-->src\main\AndroidManifest.xml:44:28-53
70                <action android:name="android.intent.action.VIEW" />
70-->src\main\AndroidManifest.xml:45:17-69
70-->src\main\AndroidManifest.xml:45:25-66
71
72                <category android:name="android.intent.category.DEFAULT" />
72-->src\main\AndroidManifest.xml:46:17-76
72-->src\main\AndroidManifest.xml:46:27-73
73                <category android:name="android.intent.category.BROWSABLE" />
73-->src\main\AndroidManifest.xml:47:17-78
73-->src\main\AndroidManifest.xml:47:27-75
74
75                <data
75-->src\main\AndroidManifest.xml:48:17-105
76                    android:host="appmotorapreescolares.com"
76-->src\main\AndroidManifest.xml:48:62-102
77                    android:scheme="appmotorapreescolares" />
77-->src\main\AndroidManifest.xml:48:23-61
78            </intent-filter>
79        </activity>
80
81        <!--
82             Don't delete the meta-data below.
83             This is used by the Flutter tool to generate GeneratedPluginRegistrant.java
84        -->
85        <meta-data
85-->src\main\AndroidManifest.xml:55:9-57:33
86            android:name="flutterEmbedding"
86-->src\main\AndroidManifest.xml:56:13-44
87            android:value="2" />
87-->src\main\AndroidManifest.xml:57:13-30
88
89        <service
89-->[:cloud_firestore] AndroidManifest.xml:10:9-14:19
90            android:name="com.google.firebase.components.ComponentDiscoveryService"
90-->[:cloud_firestore] AndroidManifest.xml:10:18-89
91            android:directBootAware="true"
91-->[com.google.firebase:firebase-common:20.4.3] AndroidManifest.xml:32:13-43
92            android:exported="false" >
92-->[com.google.firebase:firebase-perf:20.5.2] AndroidManifest.xml:13:13-37
93            <meta-data
93-->[:cloud_firestore] AndroidManifest.xml:11:13-13:85
94                android:name="com.google.firebase.components:io.flutter.plugins.firebase.firestore.FlutterFirebaseFirestoreRegistrar"
94-->[:cloud_firestore] AndroidManifest.xml:12:17-134
95                android:value="com.google.firebase.components.ComponentRegistrar" />
95-->[:cloud_firestore] AndroidManifest.xml:13:17-82
96            <meta-data
96-->[:firebase_auth] AndroidManifest.xml:11:13-13:85
97                android:name="com.google.firebase.components:io.flutter.plugins.firebase.auth.FlutterFirebaseAuthRegistrar"
97-->[:firebase_auth] AndroidManifest.xml:12:17-124
98                android:value="com.google.firebase.components.ComponentRegistrar" />
98-->[:firebase_auth] AndroidManifest.xml:13:17-82
99            <meta-data
99-->[:firebase_performance] AndroidManifest.xml:13:13-15:85
100                android:name="com.google.firebase.components:io.flutter.plugins.firebase.performance.FlutterFirebaseAppRegistrar"
100-->[:firebase_performance] AndroidManifest.xml:14:17-130
101                android:value="com.google.firebase.components.ComponentRegistrar" />
101-->[:firebase_performance] AndroidManifest.xml:15:17-82
102            <meta-data
102-->[:firebase_core] AndroidManifest.xml:11:13-13:85
103                android:name="com.google.firebase.components:io.flutter.plugins.firebase.core.FlutterFirebaseCoreRegistrar"
103-->[:firebase_core] AndroidManifest.xml:12:17-124
104                android:value="com.google.firebase.components.ComponentRegistrar" />
104-->[:firebase_core] AndroidManifest.xml:13:17-82
105            <meta-data
105-->[com.google.firebase:firebase-perf:20.5.2] AndroidManifest.xml:14:13-16:85
106                android:name="com.google.firebase.components:com.google.firebase.perf.FirebasePerfKtxRegistrar"
106-->[com.google.firebase:firebase-perf:20.5.2] AndroidManifest.xml:15:17-112
107                android:value="com.google.firebase.components.ComponentRegistrar" />
107-->[com.google.firebase:firebase-perf:20.5.2] AndroidManifest.xml:16:17-82
108            <meta-data
108-->[com.google.firebase:firebase-perf:20.5.2] AndroidManifest.xml:17:13-19:85
109                android:name="com.google.firebase.components:com.google.firebase.perf.FirebasePerfRegistrar"
109-->[com.google.firebase:firebase-perf:20.5.2] AndroidManifest.xml:18:17-109
110                android:value="com.google.firebase.components.ComponentRegistrar" />
110-->[com.google.firebase:firebase-perf:20.5.2] AndroidManifest.xml:19:17-82
111            <meta-data
111-->[com.google.firebase:firebase-sessions:1.2.2] AndroidManifest.xml:29:13-31:85
112                android:name="com.google.firebase.components:com.google.firebase.sessions.FirebaseSessionsRegistrar"
112-->[com.google.firebase:firebase-sessions:1.2.2] AndroidManifest.xml:30:17-117
113                android:value="com.google.firebase.components.ComponentRegistrar" />
113-->[com.google.firebase:firebase-sessions:1.2.2] AndroidManifest.xml:31:17-82
114            <meta-data
114-->[com.google.firebase:firebase-auth:22.3.1] AndroidManifest.xml:69:13-71:85
115                android:name="com.google.firebase.components:com.google.firebase.auth.FirebaseAuthRegistrar"
115-->[com.google.firebase:firebase-auth:22.3.1] AndroidManifest.xml:70:17-109
116                android:value="com.google.firebase.components.ComponentRegistrar" />
116-->[com.google.firebase:firebase-auth:22.3.1] AndroidManifest.xml:71:17-82
117            <meta-data
117-->[com.google.firebase:firebase-firestore:24.11.0] AndroidManifest.xml:17:13-19:85
118                android:name="com.google.firebase.components:com.google.firebase.firestore.FirebaseFirestoreKtxRegistrar"
118-->[com.google.firebase:firebase-firestore:24.11.0] AndroidManifest.xml:18:17-122
119                android:value="com.google.firebase.components.ComponentRegistrar" />
119-->[com.google.firebase:firebase-firestore:24.11.0] AndroidManifest.xml:19:17-82
120            <meta-data
120-->[com.google.firebase:firebase-firestore:24.11.0] AndroidManifest.xml:20:13-22:85
121                android:name="com.google.firebase.components:com.google.firebase.firestore.FirestoreRegistrar"
121-->[com.google.firebase:firebase-firestore:24.11.0] AndroidManifest.xml:21:17-111
122                android:value="com.google.firebase.components.ComponentRegistrar" />
122-->[com.google.firebase:firebase-firestore:24.11.0] AndroidManifest.xml:22:17-82
123            <meta-data
123-->[com.google.firebase:firebase-config:21.6.3] AndroidManifest.xml:29:13-31:85
124                android:name="com.google.firebase.components:com.google.firebase.remoteconfig.FirebaseRemoteConfigKtxRegistrar"
124-->[com.google.firebase:firebase-config:21.6.3] AndroidManifest.xml:30:17-128
125                android:value="com.google.firebase.components.ComponentRegistrar" />
125-->[com.google.firebase:firebase-config:21.6.3] AndroidManifest.xml:31:17-82
126            <meta-data
126-->[com.google.firebase:firebase-config:21.6.3] AndroidManifest.xml:32:13-34:85
127                android:name="com.google.firebase.components:com.google.firebase.remoteconfig.RemoteConfigRegistrar"
127-->[com.google.firebase:firebase-config:21.6.3] AndroidManifest.xml:33:17-117
128                android:value="com.google.firebase.components.ComponentRegistrar" />
128-->[com.google.firebase:firebase-config:21.6.3] AndroidManifest.xml:34:17-82
129            <meta-data
129-->[com.google.firebase:firebase-installations:17.2.0] AndroidManifest.xml:15:13-17:85
130                android:name="com.google.firebase.components:com.google.firebase.installations.FirebaseInstallationsKtxRegistrar"
130-->[com.google.firebase:firebase-installations:17.2.0] AndroidManifest.xml:16:17-130
131                android:value="com.google.firebase.components.ComponentRegistrar" />
131-->[com.google.firebase:firebase-installations:17.2.0] AndroidManifest.xml:17:17-82
132            <meta-data
132-->[com.google.firebase:firebase-installations:17.2.0] AndroidManifest.xml:18:13-20:85
133                android:name="com.google.firebase.components:com.google.firebase.installations.FirebaseInstallationsRegistrar"
133-->[com.google.firebase:firebase-installations:17.2.0] AndroidManifest.xml:19:17-127
134                android:value="com.google.firebase.components.ComponentRegistrar" />
134-->[com.google.firebase:firebase-installations:17.2.0] AndroidManifest.xml:20:17-82
135            <meta-data
135-->[com.google.firebase:firebase-common-ktx:20.4.3] AndroidManifest.xml:12:13-14:85
136                android:name="com.google.firebase.components:com.google.firebase.ktx.FirebaseCommonLegacyRegistrar"
136-->[com.google.firebase:firebase-common-ktx:20.4.3] AndroidManifest.xml:13:17-116
137                android:value="com.google.firebase.components.ComponentRegistrar" />
137-->[com.google.firebase:firebase-common-ktx:20.4.3] AndroidManifest.xml:14:17-82
138            <meta-data
138-->[com.google.firebase:firebase-common:20.4.3] AndroidManifest.xml:35:13-37:85
139                android:name="com.google.firebase.components:com.google.firebase.FirebaseCommonKtxRegistrar"
139-->[com.google.firebase:firebase-common:20.4.3] AndroidManifest.xml:36:17-109
140                android:value="com.google.firebase.components.ComponentRegistrar" />
140-->[com.google.firebase:firebase-common:20.4.3] AndroidManifest.xml:37:17-82
141            <meta-data
141-->[com.google.firebase:firebase-datatransport:18.1.8] AndroidManifest.xml:27:13-29:85
142                android:name="com.google.firebase.components:com.google.firebase.datatransport.TransportRegistrar"
142-->[com.google.firebase:firebase-datatransport:18.1.8] AndroidManifest.xml:28:17-115
143                android:value="com.google.firebase.components.ComponentRegistrar" />
143-->[com.google.firebase:firebase-datatransport:18.1.8] AndroidManifest.xml:29:17-82
144            <meta-data
144-->[com.google.firebase:firebase-abt:21.1.1] AndroidManifest.xml:12:13-14:85
145                android:name="com.google.firebase.components:com.google.firebase.abt.component.AbtRegistrar"
145-->[com.google.firebase:firebase-abt:21.1.1] AndroidManifest.xml:13:17-109
146                android:value="com.google.firebase.components.ComponentRegistrar" />
146-->[com.google.firebase:firebase-abt:21.1.1] AndroidManifest.xml:14:17-82
147        </service>
148
149        <activity
149-->[:url_launcher_android] AndroidManifest.xml:10:9-13:74
150            android:name="io.flutter.plugins.urllauncher.WebViewActivity"
150-->[:url_launcher_android] AndroidManifest.xml:11:13-74
151            android:exported="false"
151-->[:url_launcher_android] AndroidManifest.xml:12:13-37
152            android:theme="@android:style/Theme.NoTitleBar.Fullscreen" />
152-->[:url_launcher_android] AndroidManifest.xml:13:13-71
153
154        <service
154-->[com.google.firebase:firebase-sessions:1.2.2] AndroidManifest.xml:22:9-25:40
155            android:name="com.google.firebase.sessions.SessionLifecycleService"
155-->[com.google.firebase:firebase-sessions:1.2.2] AndroidManifest.xml:23:13-80
156            android:enabled="true"
156-->[com.google.firebase:firebase-sessions:1.2.2] AndroidManifest.xml:24:13-35
157            android:exported="false" />
157-->[com.google.firebase:firebase-sessions:1.2.2] AndroidManifest.xml:25:13-37
158
159        <activity
159-->[com.google.firebase:firebase-auth:22.3.1] AndroidManifest.xml:29:9-46:20
160            android:name="com.google.firebase.auth.internal.GenericIdpActivity"
160-->[com.google.firebase:firebase-auth:22.3.1] AndroidManifest.xml:30:13-80
161            android:excludeFromRecents="true"
161-->[com.google.firebase:firebase-auth:22.3.1] AndroidManifest.xml:31:13-46
162            android:exported="true"
162-->[com.google.firebase:firebase-auth:22.3.1] AndroidManifest.xml:32:13-36
163            android:launchMode="singleTask"
163-->[com.google.firebase:firebase-auth:22.3.1] AndroidManifest.xml:33:13-44
164            android:theme="@android:style/Theme.Translucent.NoTitleBar" >
164-->[com.google.firebase:firebase-auth:22.3.1] AndroidManifest.xml:34:13-72
165            <intent-filter>
165-->[com.google.firebase:firebase-auth:22.3.1] AndroidManifest.xml:35:13-45:29
166                <action android:name="android.intent.action.VIEW" />
166-->src\main\AndroidManifest.xml:45:17-69
166-->src\main\AndroidManifest.xml:45:25-66
167
168                <category android:name="android.intent.category.DEFAULT" />
168-->src\main\AndroidManifest.xml:46:17-76
168-->src\main\AndroidManifest.xml:46:27-73
169                <category android:name="android.intent.category.BROWSABLE" />
169-->src\main\AndroidManifest.xml:47:17-78
169-->src\main\AndroidManifest.xml:47:27-75
170
171                <data
171-->src\main\AndroidManifest.xml:48:17-105
172                    android:host="firebase.auth"
172-->src\main\AndroidManifest.xml:48:62-102
173                    android:path="/"
174                    android:scheme="genericidp" />
174-->src\main\AndroidManifest.xml:48:23-61
175            </intent-filter>
176        </activity>
177        <activity
177-->[com.google.firebase:firebase-auth:22.3.1] AndroidManifest.xml:47:9-64:20
178            android:name="com.google.firebase.auth.internal.RecaptchaActivity"
178-->[com.google.firebase:firebase-auth:22.3.1] AndroidManifest.xml:48:13-79
179            android:excludeFromRecents="true"
179-->[com.google.firebase:firebase-auth:22.3.1] AndroidManifest.xml:49:13-46
180            android:exported="true"
180-->[com.google.firebase:firebase-auth:22.3.1] AndroidManifest.xml:50:13-36
181            android:launchMode="singleTask"
181-->[com.google.firebase:firebase-auth:22.3.1] AndroidManifest.xml:51:13-44
182            android:theme="@android:style/Theme.Translucent.NoTitleBar" >
182-->[com.google.firebase:firebase-auth:22.3.1] AndroidManifest.xml:52:13-72
183            <intent-filter>
183-->[com.google.firebase:firebase-auth:22.3.1] AndroidManifest.xml:53:13-63:29
184                <action android:name="android.intent.action.VIEW" />
184-->src\main\AndroidManifest.xml:45:17-69
184-->src\main\AndroidManifest.xml:45:25-66
185
186                <category android:name="android.intent.category.DEFAULT" />
186-->src\main\AndroidManifest.xml:46:17-76
186-->src\main\AndroidManifest.xml:46:27-73
187                <category android:name="android.intent.category.BROWSABLE" />
187-->src\main\AndroidManifest.xml:47:17-78
187-->src\main\AndroidManifest.xml:47:27-75
188
189                <data
189-->src\main\AndroidManifest.xml:48:17-105
190                    android:host="firebase.auth"
190-->src\main\AndroidManifest.xml:48:62-102
191                    android:path="/"
192                    android:scheme="recaptcha" />
192-->src\main\AndroidManifest.xml:48:23-61
193            </intent-filter>
194        </activity>
195
196        <provider
196-->[com.google.firebase:firebase-common:20.4.3] AndroidManifest.xml:23:9-28:39
197            android:name="com.google.firebase.provider.FirebaseInitProvider"
197-->[com.google.firebase:firebase-common:20.4.3] AndroidManifest.xml:24:13-77
198            android:authorities="com.mycompany.appmotorapreescolares.firebaseinitprovider"
198-->[com.google.firebase:firebase-common:20.4.3] AndroidManifest.xml:25:13-72
199            android:directBootAware="true"
199-->[com.google.firebase:firebase-common:20.4.3] AndroidManifest.xml:26:13-43
200            android:exported="false"
200-->[com.google.firebase:firebase-common:20.4.3] AndroidManifest.xml:27:13-37
201            android:initOrder="100" />
201-->[com.google.firebase:firebase-common:20.4.3] AndroidManifest.xml:28:13-36
202
203        <uses-library
203-->[androidx.window:window:1.0.0-beta04] AndroidManifest.xml:25:9-27:40
204            android:name="androidx.window.extensions"
204-->[androidx.window:window:1.0.0-beta04] AndroidManifest.xml:26:13-54
205            android:required="false" />
205-->[androidx.window:window:1.0.0-beta04] AndroidManifest.xml:27:13-37
206        <uses-library
206-->[androidx.window:window:1.0.0-beta04] AndroidManifest.xml:28:9-30:40
207            android:name="androidx.window.sidecar"
207-->[androidx.window:window:1.0.0-beta04] AndroidManifest.xml:29:13-51
208            android:required="false" />
208-->[androidx.window:window:1.0.0-beta04] AndroidManifest.xml:30:13-37
209
210        <service
210-->[com.google.android.datatransport:transport-backend-cct:3.1.9] AndroidManifest.xml:28:9-34:19
211            android:name="com.google.android.datatransport.runtime.backends.TransportBackendDiscovery"
211-->[com.google.android.datatransport:transport-backend-cct:3.1.9] AndroidManifest.xml:29:13-103
212            android:exported="false" >
212-->[com.google.android.datatransport:transport-backend-cct:3.1.9] AndroidManifest.xml:30:13-37
213            <meta-data
213-->[com.google.android.datatransport:transport-backend-cct:3.1.9] AndroidManifest.xml:31:13-33:39
214                android:name="backend:com.google.android.datatransport.cct.CctBackendFactory"
214-->[com.google.android.datatransport:transport-backend-cct:3.1.9] AndroidManifest.xml:32:17-94
215                android:value="cct" />
215-->[com.google.android.datatransport:transport-backend-cct:3.1.9] AndroidManifest.xml:33:17-36
216        </service>
217
218        <activity
218-->[com.google.android.gms:play-services-auth:20.7.0] AndroidManifest.xml:23:9-27:75
219            android:name="com.google.android.gms.auth.api.signin.internal.SignInHubActivity"
219-->[com.google.android.gms:play-services-auth:20.7.0] AndroidManifest.xml:24:13-93
220            android:excludeFromRecents="true"
220-->[com.google.android.gms:play-services-auth:20.7.0] AndroidManifest.xml:25:13-46
221            android:exported="false"
221-->[com.google.android.gms:play-services-auth:20.7.0] AndroidManifest.xml:26:13-37
222            android:theme="@android:style/Theme.Translucent.NoTitleBar" />
222-->[com.google.android.gms:play-services-auth:20.7.0] AndroidManifest.xml:27:13-72
223        <!--
224            Service handling Google Sign-In user revocation. For apps that do not integrate with
225            Google Sign-In, this service will never be started.
226        -->
227        <service
227-->[com.google.android.gms:play-services-auth:20.7.0] AndroidManifest.xml:33:9-37:51
228            android:name="com.google.android.gms.auth.api.signin.RevocationBoundService"
228-->[com.google.android.gms:play-services-auth:20.7.0] AndroidManifest.xml:34:13-89
229            android:exported="true"
229-->[com.google.android.gms:play-services-auth:20.7.0] AndroidManifest.xml:35:13-36
230            android:permission="com.google.android.gms.auth.api.signin.permission.REVOCATION_NOTIFICATION"
230-->[com.google.android.gms:play-services-auth:20.7.0] AndroidManifest.xml:36:13-107
231            android:visibleToInstantApps="true" />
231-->[com.google.android.gms:play-services-auth:20.7.0] AndroidManifest.xml:37:13-48
232
233        <activity
233-->[com.google.android.gms:play-services-base:18.0.1] AndroidManifest.xml:20:9-22:45
234            android:name="com.google.android.gms.common.api.GoogleApiActivity"
234-->[com.google.android.gms:play-services-base:18.0.1] AndroidManifest.xml:20:19-85
235            android:exported="false"
235-->[com.google.android.gms:play-services-base:18.0.1] AndroidManifest.xml:22:19-43
236            android:theme="@android:style/Theme.Translucent.NoTitleBar" />
236-->[com.google.android.gms:play-services-base:18.0.1] AndroidManifest.xml:21:19-78
237
238        <meta-data
238-->[com.google.android.gms:play-services-basement:18.3.0] AndroidManifest.xml:21:9-23:69
239            android:name="com.google.android.gms.version"
239-->[com.google.android.gms:play-services-basement:18.3.0] AndroidManifest.xml:22:13-58
240            android:value="@integer/google_play_services_version" />
240-->[com.google.android.gms:play-services-basement:18.3.0] AndroidManifest.xml:23:13-66
241
242        <provider
242-->[androidx.lifecycle:lifecycle-process:2.3.1] AndroidManifest.xml:25:9-29:43
243            android:name="androidx.lifecycle.ProcessLifecycleOwnerInitializer"
243-->[androidx.lifecycle:lifecycle-process:2.3.1] AndroidManifest.xml:26:13-79
244            android:authorities="com.mycompany.appmotorapreescolares.lifecycle-process"
244-->[androidx.lifecycle:lifecycle-process:2.3.1] AndroidManifest.xml:27:13-69
245            android:exported="false"
245-->[androidx.lifecycle:lifecycle-process:2.3.1] AndroidManifest.xml:28:13-37
246            android:multiprocess="true" />
246-->[androidx.lifecycle:lifecycle-process:2.3.1] AndroidManifest.xml:29:13-40
247
248        <service
248-->[com.google.android.datatransport:transport-runtime:3.1.9] AndroidManifest.xml:26:9-30:19
249            android:name="com.google.android.datatransport.runtime.scheduling.jobscheduling.JobInfoSchedulerService"
249-->[com.google.android.datatransport:transport-runtime:3.1.9] AndroidManifest.xml:27:13-117
250            android:exported="false"
250-->[com.google.android.datatransport:transport-runtime:3.1.9] AndroidManifest.xml:28:13-37
251            android:permission="android.permission.BIND_JOB_SERVICE" >
251-->[com.google.android.datatransport:transport-runtime:3.1.9] AndroidManifest.xml:29:13-69
252        </service>
253
254        <receiver
254-->[com.google.android.datatransport:transport-runtime:3.1.9] AndroidManifest.xml:32:9-34:40
255            android:name="com.google.android.datatransport.runtime.scheduling.jobscheduling.AlarmManagerSchedulerBroadcastReceiver"
255-->[com.google.android.datatransport:transport-runtime:3.1.9] AndroidManifest.xml:33:13-132
256            android:exported="false" />
256-->[com.google.android.datatransport:transport-runtime:3.1.9] AndroidManifest.xml:34:13-37
257    </application>
258
259</manifest>